[2019-11-28 01:04:06,866] TRACE [Controller id=0] Checking need to trigger auto leader balancing (kafka.controller.KafkaController)
[2019-11-28 01:04:06,892] DEBUG [Controller id=0] Preferred replicas by broker Map(0 -> Map(updateprofile-0 -> Vector(0), searchlocation-0 -> Vector(0), response_topics-0 -> Vector(0), signup-0 -> Vector(0), login-0 -> Vector(0), searchstate-0 -> Vector(0), profile-0 -> Vector(0), listTopics-0 -> Vector(0), contactus-0 -> Vector(0), response_topic-0 -> Vector(0), getlocation-0 -> Vector(0))) (kafka.controller.KafkaController)
[2019-11-28 01:04:06,892] DEBUG [Controller id=0] Topics not in preferred replica for broker 0 Map() (kafka.controller.KafkaController)
[2019-11-28 01:04:06,892] TRACE [Controller id=0] Leader imbalance ratio for broker 0 is 0.0 (kafka.controller.KafkaController)
[2019-11-28 01:09:06,903] TRACE [Controller id=0] Checking need to trigger auto leader balancing (kafka.controller.KafkaController)
[2019-11-28 01:09:06,904] DEBUG [Controller id=0] Preferred replicas by broker Map(0 -> Map(updateprofile-0 -> Vector(0), searchlocation-0 -> Vector(0), response_topics-0 -> Vector(0), signup-0 -> Vector(0), login-0 -> Vector(0), searchstate-0 -> Vector(0), profile-0 -> Vector(0), listTopics-0 -> Vector(0), contactus-0 -> Vector(0), response_topic-0 -> Vector(0), getlocation-0 -> Vector(0))) (kafka.controller.KafkaController)
[2019-11-28 01:09:06,904] DEBUG [Controller id=0] Topics not in preferred replica for broker 0 Map() (kafka.controller.KafkaController)
[2019-11-28 01:09:06,904] TRACE [Controller id=0] Leader imbalance ratio for broker 0 is 0.0 (kafka.controller.KafkaController)
[2019-11-28 01:18:24,743] DEBUG [Controller id=0] Resigning (kafka.controller.KafkaController)
[2019-11-28 01:18:24,757] DEBUG [Controller id=0] Unregister BrokerModifications handler for Set(0) (kafka.controller.KafkaController)
[2019-11-28 01:18:24,790] INFO [PartitionStateMachine controllerId=0] Stopped partition state machine (kafka.controller.PartitionStateMachine)
[2019-11-28 01:18:24,804] INFO [ReplicaStateMachine controllerId=0] Stopped replica state machine (kafka.controller.ReplicaStateMachine)
[2019-11-28 01:18:24,805] INFO [RequestSendThread controllerId=0] Shutting down (kafka.controller.RequestSendThread)
[2019-11-28 01:18:24,810] INFO [RequestSendThread controllerId=0] Shutdown completed (kafka.controller.RequestSendThread)
[2019-11-28 01:18:24,822] INFO [RequestSendThread controllerId=0] Stopped (kafka.controller.RequestSendThread)
[2019-11-28 01:18:24,907] INFO [Controller id=0] Resigned (kafka.controller.KafkaController)
[2019-11-28 01:18:25,267] INFO [Controller id=0] 0 successfully elected as the controller (kafka.controller.KafkaController)
[2019-11-28 01:18:25,269] INFO [Controller id=0] Reading controller epoch from ZooKeeper (kafka.controller.KafkaController)
[2019-11-28 01:18:25,271] INFO [Controller id=0] Initialized controller epoch to 178 and zk version 177 (kafka.controller.KafkaController)
[2019-11-28 01:18:25,271] INFO [Controller id=0] Incrementing controller epoch in ZooKeeper (kafka.controller.KafkaController)
[2019-11-28 01:18:25,273] INFO [Controller id=0] Epoch incremented to 179 (kafka.controller.KafkaController)
[2019-11-28 01:18:25,273] INFO [Controller id=0] Registering handlers (kafka.controller.KafkaController)
[2019-11-28 01:18:25,276] INFO [Controller id=0] Deleting log dir event notifications (kafka.controller.KafkaController)
[2019-11-28 01:18:25,278] INFO [Controller id=0] Deleting isr change notifications (kafka.controller.KafkaController)
[2019-11-28 01:18:25,292] INFO [Controller id=0] Initializing controller context (kafka.controller.KafkaController)
[2019-11-28 01:18:25,336] DEBUG [Controller id=0] Register BrokerModifications handler for Set(0) (kafka.controller.KafkaController)
[2019-11-28 01:18:25,360] DEBUG [Channel manager on controller 0]: Controller 0 trying to connect to broker 0 (kafka.controller.ControllerChannelManager)
[2019-11-28 01:18:25,392] INFO [RequestSendThread controllerId=0] Starting (kafka.controller.RequestSendThread)
[2019-11-28 01:18:25,394] INFO [Controller id=0] Partitions being reassigned: Map() (kafka.controller.KafkaController)
[2019-11-28 01:18:25,395] INFO [Controller id=0] Currently active brokers in the cluster: Set(0) (kafka.controller.KafkaController)
[2019-11-28 01:18:25,395] INFO [Controller id=0] Currently shutting brokers in the cluster: Set() (kafka.controller.KafkaController)
[2019-11-28 01:18:25,396] INFO [Controller id=0] Current list of topics in the cluster: Set(response_topics, searchstate, listTopics, updateprofile, response_topic, contactus, profile, searchlocation, getlocation, signup, login) (kafka.controller.KafkaController)
[2019-11-28 01:18:25,397] INFO [Controller id=0] Fetching topic deletions in progress (kafka.controller.KafkaController)
[2019-11-28 01:18:25,401] INFO [Controller id=0] List of topics to be deleted:  (kafka.controller.KafkaController)
[2019-11-28 01:18:25,401] INFO [Controller id=0] List of topics ineligible for deletion:  (kafka.controller.KafkaController)
[2019-11-28 01:18:25,401] INFO [Controller id=0] Initializing topic deletion manager (kafka.controller.KafkaController)
[2019-11-28 01:18:25,401] INFO [Controller id=0] Sending update metadata request (kafka.controller.KafkaController)
[2019-11-28 01:18:25,415] INFO [ReplicaStateMachine controllerId=0] Initializing replica state (kafka.controller.ReplicaStateMachine)
[2019-11-28 01:18:25,415] INFO [ReplicaStateMachine controllerId=0] Triggering online replica state changes (kafka.controller.ReplicaStateMachine)
[2019-11-28 01:18:25,416] INFO [RequestSendThread controllerId=0] Controller 0 connected to 10.0.0.193:9092 (id: 0 rack: null) for sending state change requests (kafka.controller.RequestSendThread)
[2019-11-28 01:18:25,430] INFO [ReplicaStateMachine controllerId=0] Started replica state machine with initial state -> Map([Topic=login,Partition=0,Replica=0] -> OnlineReplica, [Topic=getlocation,Partition=0,Replica=0] -> OnlineReplica, [Topic=response_topics,Partition=0,Replica=0] -> OnlineReplica, [Topic=contactus,Partition=0,Replica=0] -> OnlineReplica, [Topic=signup,Partition=0,Replica=0] -> OnlineReplica, [Topic=listTopics,Partition=0,Replica=0] -> OnlineReplica, [Topic=searchlocation,Partition=0,Replica=0] -> OnlineReplica, [Topic=response_topic,Partition=0,Replica=0] -> OnlineReplica, [Topic=updateprofile,Partition=0,Replica=0] -> OnlineReplica, [Topic=profile,Partition=0,Replica=0] -> OnlineReplica, [Topic=searchstate,Partition=0,Replica=0] -> OnlineReplica) (kafka.controller.ReplicaStateMachine)
[2019-11-28 01:18:25,430] INFO [PartitionStateMachine controllerId=0] Initializing partition state (kafka.controller.PartitionStateMachine)
[2019-11-28 01:18:25,430] INFO [PartitionStateMachine controllerId=0] Triggering online partition state changes (kafka.controller.PartitionStateMachine)
[2019-11-28 01:18:25,430] INFO [PartitionStateMachine controllerId=0] Started partition state machine with initial state -> Map(updateprofile-0 -> OnlinePartition, searchlocation-0 -> OnlinePartition, response_topics-0 -> OnlinePartition, signup-0 -> OnlinePartition, login-0 -> OnlinePartition, searchstate-0 -> OnlinePartition, profile-0 -> OnlinePartition, listTopics-0 -> OnlinePartition, contactus-0 -> OnlinePartition, response_topic-0 -> OnlinePartition, getlocation-0 -> OnlinePartition) (kafka.controller.PartitionStateMachine)
[2019-11-28 01:18:25,430] INFO [Controller id=0] Ready to serve as the new controller with epoch 179 (kafka.controller.KafkaController)
[2019-11-28 01:18:25,431] INFO [Controller id=0] Partitions undergoing preferred replica election:  (kafka.controller.KafkaController)
[2019-11-28 01:18:25,431] INFO [Controller id=0] Partitions that completed preferred replica election:  (kafka.controller.KafkaController)
[2019-11-28 01:18:25,431] INFO [Controller id=0] Skipping preferred replica election for partitions due to topic deletion:  (kafka.controller.KafkaController)
[2019-11-28 01:18:25,431] INFO [Controller id=0] Resuming preferred replica election for partitions:  (kafka.controller.KafkaController)
[2019-11-28 01:18:25,431] INFO [Controller id=0] Starting preferred replica leader election for partitions  (kafka.controller.KafkaController)
[2019-11-28 01:18:28,159] INFO [Controller id=0] Starting the controller scheduler (kafka.controller.KafkaController)
[2019-11-28 01:18:33,167] TRACE [Controller id=0] Checking need to trigger auto leader balancing (kafka.controller.KafkaController)
[2019-11-28 01:18:33,172] DEBUG [Controller id=0] Preferred replicas by broker Map(0 -> Map(updateprofile-0 -> Vector(0), searchlocation-0 -> Vector(0), response_topics-0 -> Vector(0), signup-0 -> Vector(0), login-0 -> Vector(0), searchstate-0 -> Vector(0), profile-0 -> Vector(0), listTopics-0 -> Vector(0), contactus-0 -> Vector(0), response_topic-0 -> Vector(0), getlocation-0 -> Vector(0))) (kafka.controller.KafkaController)
[2019-11-28 01:18:33,173] DEBUG [Controller id=0] Topics not in preferred replica for broker 0 Map() (kafka.controller.KafkaController)
[2019-11-28 01:18:33,173] TRACE [Controller id=0] Leader imbalance ratio for broker 0 is 0.0 (kafka.controller.KafkaController)
