[2019-11-27 19:38:13,826] DEBUG preRegister called. Server=com.sun.jmx.mbeanserver.JmxMBeanServer@66d3c617, name=log4j:logger=state.change.logger (state.change.logger)
[2019-11-27 19:38:20,547] TRACE [Controller id=0 epoch=177] Sending UpdateMetadata request PartitionState(controllerEpoch=11, leader=0, leaderEpoch=0, isr=[0], zkVersion=0, replicas=[0], offlineReplicas=[]) to brokers Set(0) for partition updateprofile-0 (state.change.logger)
[2019-11-27 19:38:20,549] TRACE [Controller id=0 epoch=177] Sending UpdateMetadata request PartitionState(controllerEpoch=1, leader=0, leaderEpoch=0, isr=[0], zkVersion=0, replicas=[0], offlineReplicas=[]) to brokers Set(0) for partition response_topics-0 (state.change.logger)
[2019-11-27 19:38:20,549] TRACE [Controller id=0 epoch=177] Sending UpdateMetadata request PartitionState(controllerEpoch=5, leader=0, leaderEpoch=0, isr=[0], zkVersion=0, replicas=[0], offlineReplicas=[]) to brokers Set(0) for partition signup-0 (state.change.logger)
[2019-11-27 19:38:20,549] TRACE [Controller id=0 epoch=177] Sending UpdateMetadata request PartitionState(controllerEpoch=5, leader=0, leaderEpoch=0, isr=[0], zkVersion=0, replicas=[0], offlineReplicas=[]) to brokers Set(0) for partition login-0 (state.change.logger)
[2019-11-27 19:38:20,549] TRACE [Controller id=0 epoch=177] Sending UpdateMetadata request PartitionState(controllerEpoch=11, leader=0, leaderEpoch=0, isr=[0], zkVersion=0, replicas=[0], offlineReplicas=[]) to brokers Set(0) for partition profile-0 (state.change.logger)
[2019-11-27 19:38:20,549] TRACE [Controller id=0 epoch=177] Sending UpdateMetadata request PartitionState(controllerEpoch=1, leader=0, leaderEpoch=0, isr=[0], zkVersion=0, replicas=[0], offlineReplicas=[]) to brokers Set(0) for partition listTopics-0 (state.change.logger)
[2019-11-27 19:38:20,549] TRACE [Controller id=0 epoch=177] Sending UpdateMetadata request PartitionState(controllerEpoch=5, leader=0, leaderEpoch=0, isr=[0], zkVersion=0, replicas=[0], offlineReplicas=[]) to brokers Set(0) for partition contactus-0 (state.change.logger)
[2019-11-27 19:38:20,549] TRACE [Controller id=0 epoch=177] Sending UpdateMetadata request PartitionState(controllerEpoch=5, leader=0, leaderEpoch=0, isr=[0], zkVersion=0, replicas=[0], offlineReplicas=[]) to brokers Set(0) for partition response_topic-0 (state.change.logger)
[2019-11-27 19:38:20,549] TRACE [Controller id=0 epoch=177] Sending UpdateMetadata request PartitionState(controllerEpoch=11, leader=0, leaderEpoch=0, isr=[0], zkVersion=0, replicas=[0], offlineReplicas=[]) to brokers Set(0) for partition getlocation-0 (state.change.logger)
[2019-11-27 19:38:20,629] TRACE [Controller id=0 epoch=177] Changed state of replica 0 for partition login-0 from OnlineReplica to OnlineReplica (state.change.logger)
[2019-11-27 19:38:20,630] TRACE [Controller id=0 epoch=177] Changed state of replica 0 for partition getlocation-0 from OnlineReplica to OnlineReplica (state.change.logger)
[2019-11-27 19:38:20,630] TRACE [Controller id=0 epoch=177] Changed state of replica 0 for partition updateprofile-0 from OnlineReplica to OnlineReplica (state.change.logger)
[2019-11-27 19:38:20,631] TRACE [Controller id=0 epoch=177] Changed state of replica 0 for partition response_topic-0 from OnlineReplica to OnlineReplica (state.change.logger)
[2019-11-27 19:38:20,631] TRACE [Controller id=0 epoch=177] Changed state of replica 0 for partition contactus-0 from OnlineReplica to OnlineReplica (state.change.logger)
[2019-11-27 19:38:20,632] TRACE [Controller id=0 epoch=177] Changed state of replica 0 for partition profile-0 from OnlineReplica to OnlineReplica (state.change.logger)
[2019-11-27 19:38:20,632] TRACE [Controller id=0 epoch=177] Changed state of replica 0 for partition listTopics-0 from OnlineReplica to OnlineReplica (state.change.logger)
[2019-11-27 19:38:20,633] TRACE [Controller id=0 epoch=177] Changed state of replica 0 for partition response_topics-0 from OnlineReplica to OnlineReplica (state.change.logger)
[2019-11-27 19:38:20,634] TRACE [Controller id=0 epoch=177] Changed state of replica 0 for partition signup-0 from OnlineReplica to OnlineReplica (state.change.logger)
[2019-11-27 19:38:20,637] TRACE [Controller id=0 epoch=177] Sending become-leader LeaderAndIsr request PartitionState(controllerEpoch=11, leader=0, leaderEpoch=0, isr=0, zkVersion=0, replicas=0, isNew=false) to broker 0 for partition updateprofile-0 (state.change.logger)
[2019-11-27 19:38:20,638] TRACE [Controller id=0 epoch=177] Sending become-leader LeaderAndIsr request PartitionState(controllerEpoch=1, leader=0, leaderEpoch=0, isr=0, zkVersion=0, replicas=0, isNew=false) to broker 0 for partition response_topics-0 (state.change.logger)
[2019-11-27 19:38:20,638] TRACE [Controller id=0 epoch=177] Sending become-leader LeaderAndIsr request PartitionState(controllerEpoch=5, leader=0, leaderEpoch=0, isr=0, zkVersion=0, replicas=0, isNew=false) to broker 0 for partition signup-0 (state.change.logger)
[2019-11-27 19:38:20,638] TRACE [Controller id=0 epoch=177] Sending become-leader LeaderAndIsr request PartitionState(controllerEpoch=5, leader=0, leaderEpoch=0, isr=0, zkVersion=0, replicas=0, isNew=false) to broker 0 for partition login-0 (state.change.logger)
[2019-11-27 19:38:20,638] TRACE [Controller id=0 epoch=177] Sending become-leader LeaderAndIsr request PartitionState(controllerEpoch=1, leader=0, leaderEpoch=0, isr=0, zkVersion=0, replicas=0, isNew=false) to broker 0 for partition listTopics-0 (state.change.logger)
[2019-11-27 19:38:20,638] TRACE [Controller id=0 epoch=177] Sending become-leader LeaderAndIsr request PartitionState(controllerEpoch=11, leader=0, leaderEpoch=0, isr=0, zkVersion=0, replicas=0, isNew=false) to broker 0 for partition profile-0 (state.change.logger)
[2019-11-27 19:38:20,638] TRACE [Controller id=0 epoch=177] Sending become-leader LeaderAndIsr request PartitionState(controllerEpoch=5, leader=0, leaderEpoch=0, isr=0, zkVersion=0, replicas=0, isNew=false) to broker 0 for partition contactus-0 (state.change.logger)
[2019-11-27 19:38:20,638] TRACE [Controller id=0 epoch=177] Sending become-leader LeaderAndIsr request PartitionState(controllerEpoch=5, leader=0, leaderEpoch=0, isr=0, zkVersion=0, replicas=0, isNew=false) to broker 0 for partition response_topic-0 (state.change.logger)
[2019-11-27 19:38:20,638] TRACE [Controller id=0 epoch=177] Sending become-leader LeaderAndIsr request PartitionState(controllerEpoch=11, leader=0, leaderEpoch=0, isr=0, zkVersion=0, replicas=0, isNew=false) to broker 0 for partition getlocation-0 (state.change.logger)
[2019-11-27 19:38:20,640] TRACE [Controller id=0 epoch=177] Sending UpdateMetadata request PartitionState(controllerEpoch=11, leader=0, leaderEpoch=0, isr=[0], zkVersion=0, replicas=[0], offlineReplicas=[]) to brokers Set(0) for partition updateprofile-0 (state.change.logger)
[2019-11-27 19:38:20,641] TRACE [Controller id=0 epoch=177] Sending UpdateMetadata request PartitionState(controllerEpoch=1, leader=0, leaderEpoch=0, isr=[0], zkVersion=0, replicas=[0], offlineReplicas=[]) to brokers Set(0) for partition response_topics-0 (state.change.logger)
[2019-11-27 19:38:20,641] TRACE [Controller id=0 epoch=177] Sending UpdateMetadata request PartitionState(controllerEpoch=5, leader=0, leaderEpoch=0, isr=[0], zkVersion=0, replicas=[0], offlineReplicas=[]) to brokers Set(0) for partition signup-0 (state.change.logger)
[2019-11-27 19:38:20,641] TRACE [Controller id=0 epoch=177] Sending UpdateMetadata request PartitionState(controllerEpoch=5, leader=0, leaderEpoch=0, isr=[0], zkVersion=0, replicas=[0], offlineReplicas=[]) to brokers Set(0) for partition login-0 (state.change.logger)
[2019-11-27 19:38:20,641] TRACE [Controller id=0 epoch=177] Sending UpdateMetadata request PartitionState(controllerEpoch=1, leader=0, leaderEpoch=0, isr=[0], zkVersion=0, replicas=[0], offlineReplicas=[]) to brokers Set(0) for partition listTopics-0 (state.change.logger)
[2019-11-27 19:38:20,641] TRACE [Controller id=0 epoch=177] Sending UpdateMetadata request PartitionState(controllerEpoch=11, leader=0, leaderEpoch=0, isr=[0], zkVersion=0, replicas=[0], offlineReplicas=[]) to brokers Set(0) for partition profile-0 (state.change.logger)
[2019-11-27 19:38:20,641] TRACE [Controller id=0 epoch=177] Sending UpdateMetadata request PartitionState(controllerEpoch=5, leader=0, leaderEpoch=0, isr=[0], zkVersion=0, replicas=[0], offlineReplicas=[]) to brokers Set(0) for partition contactus-0 (state.change.logger)
[2019-11-27 19:38:20,641] TRACE [Controller id=0 epoch=177] Sending UpdateMetadata request PartitionState(controllerEpoch=5, leader=0, leaderEpoch=0, isr=[0], zkVersion=0, replicas=[0], offlineReplicas=[]) to brokers Set(0) for partition response_topic-0 (state.change.logger)
[2019-11-27 19:38:20,641] TRACE [Controller id=0 epoch=177] Sending UpdateMetadata request PartitionState(controllerEpoch=11, leader=0, leaderEpoch=0, isr=[0], zkVersion=0, replicas=[0], offlineReplicas=[]) to brokers Set(0) for partition getlocation-0 (state.change.logger)
[2019-11-27 19:38:20,643] TRACE [Broker id=0] Cached leader info PartitionState(controllerEpoch=5, leader=0, leaderEpoch=0, isr=[0], zkVersion=0, replicas=[0], offlineReplicas=[]) for partition contactus-0 in response to UpdateMetadata request sent by controller 0 epoch 177 with correlation id 0 (state.change.logger)
[2019-11-27 19:38:20,643] TRACE [Broker id=0] Cached leader info PartitionState(controllerEpoch=5, leader=0, leaderEpoch=0, isr=[0], zkVersion=0, replicas=[0], offlineReplicas=[]) for partition response_topic-0 in response to UpdateMetadata request sent by controller 0 epoch 177 with correlation id 0 (state.change.logger)
[2019-11-27 19:38:20,643] TRACE [Broker id=0] Cached leader info PartitionState(controllerEpoch=11, leader=0, leaderEpoch=0, isr=[0], zkVersion=0, replicas=[0], offlineReplicas=[]) for partition getlocation-0 in response to UpdateMetadata request sent by controller 0 epoch 177 with correlation id 0 (state.change.logger)
[2019-11-27 19:38:20,643] TRACE [Broker id=0] Cached leader info PartitionState(controllerEpoch=11, leader=0, leaderEpoch=0, isr=[0], zkVersion=0, replicas=[0], offlineReplicas=[]) for partition profile-0 in response to UpdateMetadata request sent by controller 0 epoch 177 with correlation id 0 (state.change.logger)
[2019-11-27 19:38:20,643] TRACE [Broker id=0] Cached leader info PartitionState(controllerEpoch=1, leader=0, leaderEpoch=0, isr=[0], zkVersion=0, replicas=[0], offlineReplicas=[]) for partition response_topics-0 in response to UpdateMetadata request sent by controller 0 epoch 177 with correlation id 0 (state.change.logger)
[2019-11-27 19:38:20,643] TRACE [Broker id=0] Cached leader info PartitionState(controllerEpoch=11, leader=0, leaderEpoch=0, isr=[0], zkVersion=0, replicas=[0], offlineReplicas=[]) for partition updateprofile-0 in response to UpdateMetadata request sent by controller 0 epoch 177 with correlation id 0 (state.change.logger)
[2019-11-27 19:38:20,644] TRACE [Broker id=0] Cached leader info PartitionState(controllerEpoch=5, leader=0, leaderEpoch=0, isr=[0], zkVersion=0, replicas=[0], offlineReplicas=[]) for partition signup-0 in response to UpdateMetadata request sent by controller 0 epoch 177 with correlation id 0 (state.change.logger)
[2019-11-27 19:38:20,644] TRACE [Broker id=0] Cached leader info PartitionState(controllerEpoch=1, leader=0, leaderEpoch=0, isr=[0], zkVersion=0, replicas=[0], offlineReplicas=[]) for partition listTopics-0 in response to UpdateMetadata request sent by controller 0 epoch 177 with correlation id 0 (state.change.logger)
[2019-11-27 19:38:20,644] TRACE [Broker id=0] Cached leader info PartitionState(controllerEpoch=5, leader=0, leaderEpoch=0, isr=[0], zkVersion=0, replicas=[0], offlineReplicas=[]) for partition login-0 in response to UpdateMetadata request sent by controller 0 epoch 177 with correlation id 0 (state.change.logger)
[2019-11-27 19:38:20,654] TRACE [Controller id=0 epoch=177] Received response {error_code=0} for request UPDATE_METADATA with correlation id 0 sent to broker 10.0.0.193:9092 (id: 0 rack: null) (state.change.logger)
[2019-11-27 19:38:20,664] TRACE [Broker id=0] Received LeaderAndIsr request PartitionState(controllerEpoch=5, leader=0, leaderEpoch=0, isr=0, zkVersion=0, replicas=0, isNew=false) correlation id 1 from controller 0 epoch 177 for partition contactus-0 (state.change.logger)
[2019-11-27 19:38:20,664] TRACE [Broker id=0] Received LeaderAndIsr request PartitionState(controllerEpoch=5, leader=0, leaderEpoch=0, isr=0, zkVersion=0, replicas=0, isNew=false) correlation id 1 from controller 0 epoch 177 for partition response_topic-0 (state.change.logger)
[2019-11-27 19:38:20,664] TRACE [Broker id=0] Received LeaderAndIsr request PartitionState(controllerEpoch=11, leader=0, leaderEpoch=0, isr=0, zkVersion=0, replicas=0, isNew=false) correlation id 1 from controller 0 epoch 177 for partition getlocation-0 (state.change.logger)
[2019-11-27 19:38:20,664] TRACE [Broker id=0] Received LeaderAndIsr request PartitionState(controllerEpoch=11, leader=0, leaderEpoch=0, isr=0, zkVersion=0, replicas=0, isNew=false) correlation id 1 from controller 0 epoch 177 for partition profile-0 (state.change.logger)
[2019-11-27 19:38:20,664] TRACE [Broker id=0] Received LeaderAndIsr request PartitionState(controllerEpoch=11, leader=0, leaderEpoch=0, isr=0, zkVersion=0, replicas=0, isNew=false) correlation id 1 from controller 0 epoch 177 for partition updateprofile-0 (state.change.logger)
[2019-11-27 19:38:20,664] TRACE [Broker id=0] Received LeaderAndIsr request PartitionState(controllerEpoch=1, leader=0, leaderEpoch=0, isr=0, zkVersion=0, replicas=0, isNew=false) correlation id 1 from controller 0 epoch 177 for partition response_topics-0 (state.change.logger)
[2019-11-27 19:38:20,664] TRACE [Broker id=0] Received LeaderAndIsr request PartitionState(controllerEpoch=5, leader=0, leaderEpoch=0, isr=0, zkVersion=0, replicas=0, isNew=false) correlation id 1 from controller 0 epoch 177 for partition signup-0 (state.change.logger)
[2019-11-27 19:38:20,664] TRACE [Broker id=0] Received LeaderAndIsr request PartitionState(controllerEpoch=1, leader=0, leaderEpoch=0, isr=0, zkVersion=0, replicas=0, isNew=false) correlation id 1 from controller 0 epoch 177 for partition listTopics-0 (state.change.logger)
[2019-11-27 19:38:20,664] TRACE [Broker id=0] Received LeaderAndIsr request PartitionState(controllerEpoch=5, leader=0, leaderEpoch=0, isr=0, zkVersion=0, replicas=0, isNew=false) correlation id 1 from controller 0 epoch 177 for partition login-0 (state.change.logger)
[2019-11-27 19:38:20,685] TRACE [Broker id=0] Handling LeaderAndIsr request correlationId 1 from controller 0 epoch 177 starting the become-leader transition for partition getlocation-0 (state.change.logger)
[2019-11-27 19:38:20,685] TRACE [Broker id=0] Handling LeaderAndIsr request correlationId 1 from controller 0 epoch 177 starting the become-leader transition for partition updateprofile-0 (state.change.logger)
[2019-11-27 19:38:20,686] TRACE [Broker id=0] Handling LeaderAndIsr request correlationId 1 from controller 0 epoch 177 starting the become-leader transition for partition response_topics-0 (state.change.logger)
[2019-11-27 19:38:20,686] TRACE [Broker id=0] Handling LeaderAndIsr request correlationId 1 from controller 0 epoch 177 starting the become-leader transition for partition signup-0 (state.change.logger)
[2019-11-27 19:38:20,686] TRACE [Broker id=0] Handling LeaderAndIsr request correlationId 1 from controller 0 epoch 177 starting the become-leader transition for partition listTopics-0 (state.change.logger)
[2019-11-27 19:38:20,686] TRACE [Broker id=0] Handling LeaderAndIsr request correlationId 1 from controller 0 epoch 177 starting the become-leader transition for partition login-0 (state.change.logger)
[2019-11-27 19:38:20,686] TRACE [Broker id=0] Handling LeaderAndIsr request correlationId 1 from controller 0 epoch 177 starting the become-leader transition for partition response_topic-0 (state.change.logger)
[2019-11-27 19:38:20,686] TRACE [Broker id=0] Handling LeaderAndIsr request correlationId 1 from controller 0 epoch 177 starting the become-leader transition for partition profile-0 (state.change.logger)
[2019-11-27 19:38:20,686] TRACE [Broker id=0] Handling LeaderAndIsr request correlationId 1 from controller 0 epoch 177 starting the become-leader transition for partition contactus-0 (state.change.logger)
[2019-11-27 19:38:20,725] TRACE [Broker id=0] Stopped fetchers as part of become-leader request from controller 0 epoch 177 with correlation id 1 for partition getlocation-0 (last update controller epoch 11) (state.change.logger)
[2019-11-27 19:38:20,728] TRACE [Broker id=0] Stopped fetchers as part of become-leader request from controller 0 epoch 177 with correlation id 1 for partition updateprofile-0 (last update controller epoch 11) (state.change.logger)
[2019-11-27 19:38:20,731] TRACE [Broker id=0] Stopped fetchers as part of become-leader request from controller 0 epoch 177 with correlation id 1 for partition response_topics-0 (last update controller epoch 1) (state.change.logger)
[2019-11-27 19:38:20,740] TRACE [Broker id=0] Stopped fetchers as part of become-leader request from controller 0 epoch 177 with correlation id 1 for partition signup-0 (last update controller epoch 5) (state.change.logger)
[2019-11-27 19:38:20,744] TRACE [Broker id=0] Stopped fetchers as part of become-leader request from controller 0 epoch 177 with correlation id 1 for partition listTopics-0 (last update controller epoch 1) (state.change.logger)
[2019-11-27 19:38:20,748] TRACE [Broker id=0] Stopped fetchers as part of become-leader request from controller 0 epoch 177 with correlation id 1 for partition login-0 (last update controller epoch 5) (state.change.logger)
[2019-11-27 19:38:20,752] TRACE [Broker id=0] Stopped fetchers as part of become-leader request from controller 0 epoch 177 with correlation id 1 for partition response_topic-0 (last update controller epoch 5) (state.change.logger)
[2019-11-27 19:38:20,755] TRACE [Broker id=0] Stopped fetchers as part of become-leader request from controller 0 epoch 177 with correlation id 1 for partition profile-0 (last update controller epoch 11) (state.change.logger)
[2019-11-27 19:38:20,758] TRACE [Broker id=0] Stopped fetchers as part of become-leader request from controller 0 epoch 177 with correlation id 1 for partition contactus-0 (last update controller epoch 5) (state.change.logger)
[2019-11-27 19:38:20,760] TRACE [Broker id=0] Completed LeaderAndIsr request correlationId 1 from controller 0 epoch 177 for the become-leader transition for partition getlocation-0 (state.change.logger)
[2019-11-27 19:38:20,760] TRACE [Broker id=0] Completed LeaderAndIsr request correlationId 1 from controller 0 epoch 177 for the become-leader transition for partition updateprofile-0 (state.change.logger)
[2019-11-27 19:38:20,760] TRACE [Broker id=0] Completed LeaderAndIsr request correlationId 1 from controller 0 epoch 177 for the become-leader transition for partition response_topics-0 (state.change.logger)
[2019-11-27 19:38:20,760] TRACE [Broker id=0] Completed LeaderAndIsr request correlationId 1 from controller 0 epoch 177 for the become-leader transition for partition signup-0 (state.change.logger)
[2019-11-27 19:38:20,760] TRACE [Broker id=0] Completed LeaderAndIsr request correlationId 1 from controller 0 epoch 177 for the become-leader transition for partition listTopics-0 (state.change.logger)
[2019-11-27 19:38:20,760] TRACE [Broker id=0] Completed LeaderAndIsr request correlationId 1 from controller 0 epoch 177 for the become-leader transition for partition login-0 (state.change.logger)
[2019-11-27 19:38:20,760] TRACE [Broker id=0] Completed LeaderAndIsr request correlationId 1 from controller 0 epoch 177 for the become-leader transition for partition response_topic-0 (state.change.logger)
[2019-11-27 19:38:20,760] TRACE [Broker id=0] Completed LeaderAndIsr request correlationId 1 from controller 0 epoch 177 for the become-leader transition for partition profile-0 (state.change.logger)
[2019-11-27 19:38:20,760] TRACE [Broker id=0] Completed LeaderAndIsr request correlationId 1 from controller 0 epoch 177 for the become-leader transition for partition contactus-0 (state.change.logger)
[2019-11-27 19:38:20,779] TRACE [Controller id=0 epoch=177] Received response {error_code=0,partitions=[{topic=contactus,partition=0,error_code=0},{topic=response_topic,partition=0,error_code=0},{topic=getlocation,partition=0,error_code=0},{topic=profile,partition=0,error_code=0},{topic=updateprofile,partition=0,error_code=0},{topic=response_topics,partition=0,error_code=0},{topic=signup,partition=0,error_code=0},{topic=listTopics,partition=0,error_code=0},{topic=login,partition=0,error_code=0}]} for request LEADER_AND_ISR with correlation id 1 sent to broker 10.0.0.193:9092 (id: 0 rack: null) (state.change.logger)
[2019-11-27 19:38:20,783] TRACE [Broker id=0] Cached leader info PartitionState(controllerEpoch=5, leader=0, leaderEpoch=0, isr=[0], zkVersion=0, replicas=[0], offlineReplicas=[]) for partition contactus-0 in response to UpdateMetadata request sent by controller 0 epoch 177 with correlation id 2 (state.change.logger)
[2019-11-27 19:38:20,784] TRACE [Broker id=0] Cached leader info PartitionState(controllerEpoch=5, leader=0, leaderEpoch=0, isr=[0], zkVersion=0, replicas=[0], offlineReplicas=[]) for partition response_topic-0 in response to UpdateMetadata request sent by controller 0 epoch 177 with correlation id 2 (state.change.logger)
[2019-11-27 19:38:20,784] TRACE [Broker id=0] Cached leader info PartitionState(controllerEpoch=11, leader=0, leaderEpoch=0, isr=[0], zkVersion=0, replicas=[0], offlineReplicas=[]) for partition getlocation-0 in response to UpdateMetadata request sent by controller 0 epoch 177 with correlation id 2 (state.change.logger)
[2019-11-27 19:38:20,784] TRACE [Broker id=0] Cached leader info PartitionState(controllerEpoch=11, leader=0, leaderEpoch=0, isr=[0], zkVersion=0, replicas=[0], offlineReplicas=[]) for partition profile-0 in response to UpdateMetadata request sent by controller 0 epoch 177 with correlation id 2 (state.change.logger)
[2019-11-27 19:38:20,784] TRACE [Broker id=0] Cached leader info PartitionState(controllerEpoch=1, leader=0, leaderEpoch=0, isr=[0], zkVersion=0, replicas=[0], offlineReplicas=[]) for partition response_topics-0 in response to UpdateMetadata request sent by controller 0 epoch 177 with correlation id 2 (state.change.logger)
[2019-11-27 19:38:20,784] TRACE [Broker id=0] Cached leader info PartitionState(controllerEpoch=11, leader=0, leaderEpoch=0, isr=[0], zkVersion=0, replicas=[0], offlineReplicas=[]) for partition updateprofile-0 in response to UpdateMetadata request sent by controller 0 epoch 177 with correlation id 2 (state.change.logger)
[2019-11-27 19:38:20,784] TRACE [Broker id=0] Cached leader info PartitionState(controllerEpoch=5, leader=0, leaderEpoch=0, isr=[0], zkVersion=0, replicas=[0], offlineReplicas=[]) for partition signup-0 in response to UpdateMetadata request sent by controller 0 epoch 177 with correlation id 2 (state.change.logger)
[2019-11-27 19:38:20,784] TRACE [Broker id=0] Cached leader info PartitionState(controllerEpoch=1, leader=0, leaderEpoch=0, isr=[0], zkVersion=0, replicas=[0], offlineReplicas=[]) for partition listTopics-0 in response to UpdateMetadata request sent by controller 0 epoch 177 with correlation id 2 (state.change.logger)
[2019-11-27 19:38:20,784] TRACE [Broker id=0] Cached leader info PartitionState(controllerEpoch=5, leader=0, leaderEpoch=0, isr=[0], zkVersion=0, replicas=[0], offlineReplicas=[]) for partition login-0 in response to UpdateMetadata request sent by controller 0 epoch 177 with correlation id 2 (state.change.logger)
[2019-11-27 19:38:20,785] TRACE [Controller id=0 epoch=177] Received response {error_code=0} for request UPDATE_METADATA with correlation id 2 sent to broker 10.0.0.193:9092 (id: 0 rack: null) (state.change.logger)
